21.06.2020 10:07:57. Запрос от Роман, id: 723253749
/get_msglog

21.06.2020 10:08:21. Запрос от Роман, id: 723253749
/wtf

21.06.2020 10:08:33. Запрос от Роман, id: 723253749
/get_syslog

21.06.2020 10:08:56. Запрос от Роман, id: 723253749
/wtf

21.06.2020 10:09:09. Запрос от Роман, id: 723253749
/get_syslog

21.06.2020 10:10:06. Запрос от Алена, id: 311391363
Как дела?

21.06.2020 10:13:08. Запрос от Роман, id: 723253749
/get_syslog

21.06.2020 10:27:45. Запрос от Роман, id: 723253749
/get_data_12hour

21.06.2020 10:51:04. Запрос от Роман, id: 723253749
/get_data_1_by_hours

21.06.2020 10:51:30. Запрос от Роман, id: 723253749
/get_data_24hour

21.06.2020 10:51:44. Запрос от Роман, id: 723253749
/get_data_24_by_hours

21.06.2020 10:57:36. Запрос от Роман, id: 723253749
/get_data_in_3_days

21.06.2020 11:01:54. Запрос от Роман, id: 723253749
/get_data_in_1_days

21.06.2020 11:02:09. Запрос от Роман, id: 723253749
/get_data_in_3_days

21.06.2020 11:17:42. Запрос от Роман, id: 723253749
/get_data_5_by_hours

21.06.2020 11:18:50. Запрос от Роман, id: 723253749
/get_data_in_5_hours

21.06.2020 11:19:40. Запрос от Роман, id: 723253749
/get_data_in_12_hours

21.06.2020 11:19:54. Запрос от Роман, id: 723253749
/wtf

МСВ разомкнут, работаем в острове. 21.06.2020 11:44:10
21.06.2020 12:11:03. Запрос от Роман, id: 723253749
/get_data_in_3_hours

МСВ замкнут, работаем в нормальном режиме. 21.06.2020 12:18:44
21.06.2020 12:38:14. Запрос от Роман, id: 723253749
/get_data_in_3_hours

21.06.2020 12:38:41. Запрос от Роман, id: 723253749
/get_data_in_2_hours

21.06.2020 12:39:29. Запрос от Роман, id: 723253749
/get_data_in_3_days

21.06.2020 12:40:38. Запрос от Роман, id: 723253749
/get_data_in_7_days

21.06.2020 12:41:00. Запрос от Роман, id: 723253749
/get_data_in_3_hours

21.06.2020 12:41:14. Запрос от Роман, id: 723253749
/get_data_in_3_days

21.06.2020 12:41:36. Запрос от Роман, id: 723253749
/get_data_in_14_days

ГПГУ 2  включена в работу 21.06.2020 12:49:57
ГПГУ 5  остановлена 21.06.2020 12:51:08
21.06.2020 13:31:47. Запрос от Роман, id: 723253749
/get_data_in_3_days

21.06.2020 13:33:30. Запрос от Роман, id: 723253749
/get_data_in_3_days

21.06.2020 13:33:57. Запрос от Роман, id: 723253749
/get_data_in_12_hours

21.06.2020 13:34:22. Запрос от Роман, id: 723253749
/get_data_in_48_hours

21.06.2020 14:06:51. Запрос от Роман, id: 723253749
/get_data_in_3_hours

21.06.2020 14:07:41. Запрос от Роман, id: 723253749
/get_data_in_1_hours

21.06.2020 14:08:17. Запрос от Роман, id: 723253749
/get_data_in_24_hours

21.06.2020 14:26:44. Запрос от Роман, id: 723253749
/get_csv

МСВ разомкнут, работаем в острове. 21.06.2020 14:59:36
МСВ замкнут, работаем в нормальном режиме. 21.06.2020 15:00:46
ГПГУ 4  включена в работу 21.06.2020 15:43:43
21.06.2020 15:45:18. Запрос от Роман, id: 723253749
/get_data_in_12_hours

ГПГУ 3  остановлена 21.06.2020 15:46:29
21.06.2020 15:46:54. Запрос от Роман, id: 723253749
/get_syslog

21.06.2020 15:50:35. Запрос от Роман, id: 723253749
/get_msglog

21.06.2020 15:50:36. Запрос от Роман, id: 723253749
/get_msglog

21.06.2020 15:50:36. Запрос от Роман, id: 723253749
/get_syslog

21.06.2020 17:44:41. Запрос от Роман, id: 723253749
/wtf

21.06.2020 17:44:53. Запрос от Роман, id: 723253749
/get_data_in_3_hours

21.06.2020 19:22:46. Запрос от Роман, id: 723253749
/get_data_in_3_hours

21.06.2020 19:53:03. Запрос от Роман, id: 723253749
/wtf

21.06.2020 20:33:22. Запрос от Роман, id: 723253749
/get_data_in_3_hours

21.06.2020 20:33:49. Запрос от Роман, id: 723253749
/wtf

21.06.2020 20:52:39. Запрос от Жека, id: 1036253569
/wtf

21.06.2020 20:58:04. Запрос от Роман, id: 723253749
/wtf

21.06.2020 21:21:27. Запрос от ВЛАДИМИР, id: 467139112
/wtf

21.06.2020 21:22:03. Запрос от Роман, id: 723253749
/wtf

21.06.2020 21:34:36. Запрос от Жека, id: 1036253569
/wtf

21.06.2020 21:35:46. Запрос от Роман, id: 723253749
/wtf

21.06.2020 21:40:43. Запрос от ВЛАДИМИР, id: 467139112
/get_data_10hour

21.06.2020 21:43:46. Запрос от ВЛАДИМИР, id: 467139112
/get_data_12hour

21.06.2020 21:43:58. Запрос от ВЛАДИМИР, id: 467139112
/get_data_12hour

21.06.2020 21:44:09. Запрос от ВЛАДИМИР, id: 467139112
wtf

21.06.2020 21:46:04. Запрос от Роман, id: 723253749
/get_data_in_12_hours

21.06.2020 21:48:26. Запрос от Mutovkin, id: 995896121
/start

21.06.2020 21:48:38. Запрос от Mutovkin, id: 995896121
/start

21.06.2020 21:51:18. Запрос от ВЛАДИМИР, id: 467139112
/get_data_in12hour

21.06.2020 21:51:42. Запрос от ВЛАДИМИР, id: 467139112
/get_data_in_12hour

21.06.2020 21:51:53. Запрос от ВЛАДИМИР, id: 467139112
/get_data_in_12hour

21.06.2020 21:52:17. Запрос от ВЛАДИМИР, id: 467139112
/get_data_in_12hour

21.06.2020 21:52:29. Запрос от ВЛАДИМИР, id: 467139112
/get_data_in_3_hours

21.06.2020 21:52:43. Запрос от ВЛАДИМИР, id: 467139112
/get_data_in_12_hours

22.06.2020 02:26:54. Запрос от Жека, id: 1036253569
/wtf

22.06.2020 06:01:17. Запрос от Роман, id: 723253749
/wtf

22.06.2020 06:01:41. Запрос от Роман, id: 723253749
/get_data_in_12_hours

22.06.2020 08:16:38. Запрос от Роман, id: 723253749
/3h

22.06.2020 08:16:53. Запрос от Роман, id: 723253749
3d

22.06.2020 08:17:05. Запрос от Роман, id: 723253749
/3d

22.06.2020 09:09:20. Запрос от Роман, id: 723253749
/3d

22.06.2020 09:10:11. Запрос от Роман, id: 723253749
/7d

22.06.2020 10:54:33. Запрос от ВЛАДИМИР, id: 467139112
wtf

22.06.2020 11:00:49. Запрос от ВЛАДИМИР, id: 467139112
/wtf

22.06.2020 11:04:56. Запрос от Роман, id: 723253749
/3h

22.06.2020 11:09:15. Запрос от Роман, id: 723253749
/3h

22.06.2020 11:12:18. Запрос от Роман, id: 723253749
/3h

22.06.2020 11:13:06. Запрос от Роман, id: 723253749
3

22.06.2020 11:13:06. Запрос от Роман, id: 723253749
/3h

22.06.2020 11:13:19. Запрос от Роман, id: 723253749
/12h

22.06.2020 11:33:18. Запрос от Роман, id: 723253749
/3d

22.06.2020 11:33:34. Запрос от Роман, id: 723253749
/get_csv

22.06.2020 11:39:24. Запрос от Роман, id: 723253749
/3h

22.06.2020 11:39:26. Запрос от Роман, id: 723253749
/wtf

22.06.2020 11:39:51. Запрос от Роман, id: 723253749
/1h

22.06.2020 11:40:30. Запрос от Роман, id: 723253749
/0.5h

22.06.2020 11:40:53. Запрос от Роман, id: 723253749
/1h

22.06.2020 12:17:27. Запрос от Роман, id: 723253749
/1h

22.06.2020 12:17:31. Запрос от Роман, id: 723253749
/3h

22.06.2020 12:35:59. Запрос от Роман, id: 723253749
/3h

22.06.2020 13:00:45. Запрос от Роман, id: 723253749
/12h

22.06.2020 13:01:50. Запрос от Роман, id: 723253749
/7d

22.06.2020 14:50:53. Запрос от Роман, id: 723253749
/wtf

22.06.2020 16:12:51. Запрос от Роман, id: 723253749
/wtf

22.06.2020 17:46:08. Запрос от ВЛАДИМИР, id: 467139112
/3h

22.06.2020 17:46:25. Запрос от ВЛАДИМИР, id: 467139112
/get_data_in_12_hours

22.06.2020 17:46:37. Запрос от ВЛАДИМИР, id: 467139112
/wtf

22.06.2020 17:50:27. Запрос от ВЛАДИМИР, id: 467139112
/12h

22.06.2020 17:51:29. Запрос от Роман, id: 723253749
/12h

22.06.2020 17:59:19. Запрос от ВЛАДИМИР, id: 467139112
/wtf

22.06.2020 17:59:45. Запрос от Роман, id: 723253749
/wtf

22.06.2020 18:59:31. Запрос от Роман, id: 723253749
/wtf

22.06.2020 18:59:44. Запрос от Роман, id: 723253749
/12h

22.06.2020 19:14:18. Запрос от Роман, id: 723253749
/1h

22.06.2020 19:15:41. Запрос от Роман, id: 723253749
/wtf

22.06.2020 19:16:06. Запрос от Роман, id: 723253749
/wtf

22.06.2020 19:16:31. Запрос от Роман, id: 723253749
/1h

22.06.2020 19:43:30. Запрос от Роман, id: 723253749
/1h

22.06.2020 20:21:13. Запрос от Жека, id: 1036253569
/wtf

22.06.2020 20:21:37. Запрос от Роман, id: 723253749
/1h

22.06.2020 20:26:15. Запрос от Роман, id: 723253749
/1h

22.06.2020 20:26:51. Запрос от Роман, id: 723253749
/1h

22.06.2020 20:27:05. Запрос от Роман, id: 723253749
/wtf

22.06.2020 20:55:24. Запрос от Роман, id: 723253749
/1h

22.06.2020 21:21:06. Запрос от ВЛАДИМИР, id: 467139112
/wtf

22.06.2020 21:22:16. Запрос от ВЛАДИМИР, id: 467139112
/get_csv

22.06.2020 21:23:40. Запрос от ВЛАДИМИР, id: 467139112
/3h

22.06.2020 21:29:02. Запрос от Роман, id: 723253749
/3h

22.06.2020 21:42:57. Запрос от Роман, id: 723253749
/3h

22.06.2020 21:43:24. Запрос от Роман, id: 723253749
/wtf

22.06.2020 22:44:28. Запрос от Роман, id: 723253749
/wtf

23.06.2020 06:03:59. Запрос от Роман, id: 723253749
/wtf

23.06.2020 06:39:56. Запрос от Роман, id: 723253749
/12h

23.06.2020 06:55:14. Запрос от Роман, id: 723253749
/3d

23.06.2020 07:40:08. Запрос от Роман, id: 723253749
/wtf

23.06.2020 07:51:47. Запрос от Жека, id: 1036253569
/wtf

23.06.2020 07:59:04. Запрос от Роман, id: 723253749
/3d

23.06.2020 08:30:18. Запрос от Роман, id: 723253749
/wtf

23.06.2020 10:21:38. Запрос от Роман, id: 723253749
/12h

23.06.2020 11:22:00. Запрос от Роман, id: 723253749
/12h

23.06.2020 13:05:29. Запрос от Роман, id: 723253749
/wtf

23.06.2020 13:05:52. Запрос от Роман, id: 723253749
/12h

23.06.2020 15:37:51. Запрос от Роман, id: 723253749
/wtf

23.06.2020 20:41:59. Запрос от Роман, id: 723253749
/wtf

23.06.2020 20:42:03. Запрос от Роман, id: 723253749
/3h

24.06.2020 01:44:02. Запрос от ВЛАДИМИР, id: 467139112
/wtf

24.06.2020 06:03:13. Запрос от Роман, id: 723253749
/12h

24.06.2020 09:45:18. Запрос от Роман, id: 723253749
/wtf

24.06.2020 12:09:35. Запрос от Роман, id: 723253749
/wtf

24.06.2020 13:29:22. Запрос от Роман, id: 723253749
/12h

24.06.2020 15:58:43. Запрос от Роман, id: 723253749
/12h

24.06.2020 15:59:11. Запрос от Роман, id: 723253749
/wtf

24.06.2020 19:51:52. Запрос от Роман, id: 723253749
/wtf

24.06.2020 20:41:15. Запрос от Роман, id: 723253749
/wtf

24.06.2020 20:45:01. Запрос от Максим, id: 521114627
/wtf

24.06.2020 20:46:56. Запрос от Роман, id: 723253749
/12h

24.06.2020 20:47:37. Запрос от Роман, id: 723253749
/24h

24.06.2020 20:47:52. Запрос от Роман, id: 723253749
/3d

24.06.2020 20:48:17. Запрос от Роман, id: 723253749
/7d

24.06.2020 21:02:02. Запрос от Жека, id: 1036253569
/wtf

24.06.2020 21:42:48. Запрос от Роман, id: 723253749
/wtf

25.06.2020 00:20:56. Запрос от Роман, id: 723253749
/12h

25.06.2020 06:02:53. Запрос от Роман, id: 723253749
/wtf

25.06.2020 06:03:18. Запрос от Роман, id: 723253749
/7d

25.06.2020 16:04:01. Запрос от Роман, id: 723253749
/wtf

25.06.2020 19:37:03. Запрос от Роман, id: 723253749
/12h

25.06.2020 19:37:18. Запрос от Роман, id: 723253749
/12h

25.06.2020 20:08:54. Запрос от Роман, id: 723253749
/wtf

26.06.2020 07:37:48. Запрос от Роман, id: 723253749
/wtf

26.06.2020 07:56:38. Запрос от Роман, id: 723253749
/7d

26.06.2020 09:35:14. Запрос от Роман, id: 723253749
/3h

26.06.2020 10:04:13. Запрос от Роман, id: 723253749
/3h

26.06.2020 10:06:04. Запрос от Роман, id: 723253749
/wtf

26.06.2020 10:06:16. Запрос от Роман, id: 723253749
/3h

26.06.2020 10:06:46. Запрос от Роман, id: 723253749
/7d

26.06.2020 10:07:34. Запрос от Роман, id: 723253749
/3h

26.06.2020 10:07:59. Запрос от Роман, id: 723253749
/2d

26.06.2020 10:12:11. Запрос от Роман, id: 723253749
/14d

26.06.2020 10:19:45. Запрос от Жека, id: 1036253569
/wtf

26.06.2020 11:54:29. Запрос от Роман, id: 723253749
/3h

26.06.2020 12:49:29. Запрос от Роман, id: 723253749
/3h

26.06.2020 12:49:50. Запрос от Роман, id: 723253749
/2h

26.06.2020 12:50:16. Запрос от Роман, id: 723253749
/12h

26.06.2020 16:25:05. Запрос от Роман, id: 723253749
/12h

26.06.2020 17:55:18. Запрос от Роман, id: 723253749
/3h

26.06.2020 19:13:10. Запрос от Роман, id: 723253749
/3h

26.06.2020 21:42:16. Запрос от Роман, id: 723253749
/3h

26.06.2020 23:23:23. Запрос от Роман, id: 723253749
/3h

27.06.2020 00:01:04. Запрос от Жека, id: 1036253569
/wtf

27.06.2020 00:01:06. Запрос от Роман, id: 723253749
/3h

27.06.2020 06:03:08. Запрос от Роман, id: 723253749
/12h

27.06.2020 06:03:46. Запрос от Роман, id: 723253749
/wtf

27.06.2020 06:09:00. Запрос от Роман, id: 723253749
/3h

27.06.2020 06:09:26. Запрос от Роман, id: 723253749
/wtf

27.06.2020 06:51:27. Запрос от Роман, id: 723253749
/3h

27.06.2020 07:22:06. Запрос от Роман, id: 723253749
/wtf

27.06.2020 07:46:30. Запрос от Роман, id: 723253749
/wtf

27.06.2020 07:46:42. Запрос от Роман, id: 723253749
/3h

27.06.2020 11:23:58. Запрос от Жека, id: 1036253569
/wtf

27.06.2020 11:48:36. Запрос от Роман, id: 723253749
/12h

27.06.2020 12:04:41. Запрос от ВЛАДИМИР, id: 467139112
/wtf

27.06.2020 12:05:28. Запрос от Роман, id: 723253749
/wtf

27.06.2020 13:04:32. Запрос от Роман, id: 723253749
/3h

27.06.2020 14:36:28. Запрос от Роман, id: 723253749
/12h

27.06.2020 14:54:47. Запрос от Роман, id: 723253749
/3h

27.06.2020 15:21:53. Запрос от Роман, id: 723253749
/3h

27.06.2020 15:25:24. Запрос от Роман, id: 723253749
/3h

27.06.2020 15:57:20. Запрос от Роман, id: 723253749
/3h

27.06.2020 15:57:48. Запрос от Роман, id: 723253749
/12h

27.06.2020 16:21:16. Запрос от Роман, id: 723253749
/3h

27.06.2020 16:21:20. Запрос от Роман, id: 723253749
/wtf

27.06.2020 16:33:34. Запрос от Роман, id: 723253749
/1h

27.06.2020 16:54:29. Запрос от Роман, id: 723253749
/1h

27.06.2020 18:23:32. Запрос от Роман, id: 723253749
/12h

27.06.2020 18:24:00. Запрос от Роман, id: 723253749
/wtf

27.06.2020 20:08:53. Запрос от Роман, id: 723253749
/3h

27.06.2020 20:35:15. Запрос от Роман, id: 723253749
/3h

27.06.2020 21:19:14. Запрос от Жека, id: 1036253569
/wtf

27.06.2020 21:29:57. Запрос от Роман, id: 723253749
/wtf

27.06.2020 22:15:01. Запрос от Роман, id: 723253749
/3h

28.06.2020 06:04:13. Запрос от Роман, id: 723253749
/12h

28.06.2020 07:02:19. Запрос от Роман, id: 723253749
/wtf

28.06.2020 07:03:39. Запрос от Роман, id: 723253749
/get_syslog

28.06.2020 07:04:48. Запрос от Роман, id: 723253749
/get_msglog

28.06.2020 08:14:17. Запрос от Жека, id: 1036253569
/wtf

28.06.2020 08:58:12. Запрос от Роман, id: 723253749
/wtf

28.06.2020 10:01:49. Запрос от Жека, id: 1036253569
/wtf

28.06.2020 10:13:58. Запрос от Роман, id: 723253749
/12h

28.06.2020 10:14:29. Запрос от Роман, id: 723253749
/24h

28.06.2020 11:13:03. Запрос от Роман, id: 723253749
/12h

28.06.2020 12:32:00. Запрос от Роман, id: 723253749
/3h

28.06.2020 13:33:37. Запрос от Роман, id: 723253749
/3h

28.06.2020 14:54:44. Запрос от Роман, id: 723253749
/3h

28.06.2020 14:55:00. Запрос от Роман, id: 723253749
/24h

28.06.2020 16:10:52. Запрос от Роман, id: 723253749
/24h

28.06.2020 19:36:02. Запрос от Роман, id: 723253749
/12h

28.06.2020 20:32:26. Запрос от Роман, id: 723253749
/3h

29.06.2020 04:24:58. Запрос от Роман, id: 723253749
/12h

29.06.2020 04:25:37. Запрос от Роман, id: 723253749
/2d

29.06.2020 06:58:51. Запрос от Роман, id: 723253749
/12h

29.06.2020 08:20:56. Запрос от Роман, id: 723253749
/3d

29.06.2020 08:21:59. Запрос от Роман, id: 723253749
/get_syslog

29.06.2020 09:49:29. Запрос от Роман, id: 723253749
/24h

29.06.2020 11:40:43. Запрос от Роман, id: 723253749
/get_csv

29.06.2020 15:12:44. Запрос от Роман, id: 723253749
/get_report

29.06.2020 15:41:55. Запрос от Роман, id: 723253749
/add_id_12345678

29.06.2020 15:44:14. Запрос от Роман, id: 723253749
/add_id_0987654321

29.06.2020 16:08:41. Запрос от Роман, id: 723253749
/del_me

29.06.2020 16:09:15. Запрос от Роман, id: 723253749
/del_me

29.06.2020 16:10:23. Запрос от Роман, id: 723253749
/add_id_723253749

29.06.2020 16:11:08. Запрос от Роман, id: 723253749
/del_me

29.06.2020 16:11:31. Запрос от Роман, id: 723253749
/add_id_723253749

29.06.2020 16:16:53. Запрос от Роман, id: 723253749
/add_id_723253749

29.06.2020 16:17:16. Запрос от Роман, id: 723253749
/add_id_723253749

29.06.2020 16:17:39. Запрос от Роман, id: 723253749
/del_me

29.06.2020 16:19:09. Запрос от Роман, id: 723253749
/del_me

29.06.2020 16:20:28. Запрос от Роман, id: 723253749
/add_id_1036253569

29.06.2020 16:20:51. Запрос от Роман, id: 723253749
/add_id_723253749

29.06.2020 16:23:36. Запрос от Роман, id: 723253749
/12h

29.06.2020 18:06:30. Запрос от Роман, id: 723253749
/12h

29.06.2020 18:52:39. Запрос от Роман, id: 723253749
/24h

29.06.2020 18:52:55. Запрос от Роман, id: 723253749
/wtf

29.06.2020 19:00:43. Запрос от Роман, id: 723253749
/3h

29.06.2020 19:40:23. Запрос от Роман, id: 723253749
/3h

29.06.2020 19:41:13. Запрос от Роман, id: 723253749
/get_syslog

29.06.2020 19:41:58. Запрос от Роман, id: 723253749
/get_report

29.06.2020 20:31:48. Запрос от Роман, id: 723253749
/3h

29.06.2020 20:47:07. Запрос от Роман, id: 899449257
/start

29.06.2020 20:49:00. Запрос от Роман, id: 899449257
/wtf

29.06.2020 20:49:47. Запрос от Роман, id: 899449257
/get_csv

29.06.2020 20:50:45. Запрос от Роман, id: 723253749
/add_id_899449257

29.06.2020 20:50:46. Запрос от Роман, id: 899449257
/3h

29.06.2020 21:07:50. Запрос от Роман, id: 723253749
/12h

29.06.2020 21:18:07. Запрос от Роман, id: 723253749
/get_report

29.06.2020 22:07:16. Запрос от Жека, id: 1036253569
/wtf

29.06.2020 22:29:08. Запрос от Роман, id: 723253749
/3h

29.06.2020 22:29:47. Запрос от Роман, id: 723253749
/wtf

29.06.2020 22:38:55. Запрос от Роман, id: 723253749
/3h

29.06.2020 22:40:51. Запрос от Роман, id: 723253749
/wtf

29.06.2020 23:03:35. Запрос от Роман, id: 723253749
/3h

30.06.2020 02:36:43. Запрос от ВЛАДИМИР, id: 467139112
/wtf

30.06.2020 06:02:49. Запрос от Роман, id: 723253749
/12h

30.06.2020 07:45:36. Запрос от Жека, id: 1036253569
/wtf

30.06.2020 07:52:17. Запрос от Роман, id: 723253749
/wtf

30.06.2020 08:11:28. Запрос от Роман, id: 723253749
/3d

30.06.2020 10:04:48. Запрос от Alexey, id: 1131335208
/start

30.06.2020 10:05:46. Запрос от Роман, id: 723253749
/add_id_1131335208

30.06.2020 10:05:46. Запрос от Alexey, id: 1131335208
/wtf

30.06.2020 10:06:47. Запрос от Роман, id: 723253749
/wtf

30.06.2020 10:08:09. Запрос от Alexey, id: 1131335208
/3h

30.06.2020 10:10:45. Запрос от Роман, id: 723253749
/3h

30.06.2020 10:11:00. Запрос от Alexey, id: 1131335208
/30d

30.06.2020 10:12:00. Запрос от Alexey, id: 1131335208
/wtf

30.06.2020 10:19:35. Запрос от Роман, id: 723253749
/wtf

30.06.2020 10:23:47. Запрос от Роман, id: 723253749
/3h

30.06.2020 10:37:35. Запрос от Роман, id: 723253749
/3h

30.06.2020 10:52:18. Запрос от Роман, id: 723253749
/3h

30.06.2020 11:04:21. Запрос от Роман, id: 723253749
/wtf

30.06.2020 11:07:13. Запрос от Роман, id: 723253749
/30d

30.06.2020 11:15:31. Запрос от Роман, id: 723253749
/3h

30.06.2020 11:15:56. Запрос от Роман, id: 723253749
/wtf

30.06.2020 11:18:15. Запрос от Жека, id: 1036253569
/wtf

30.06.2020 11:34:25. Запрос от Максим, id: 521114627
/wtf

30.06.2020 11:37:08. Запрос от Роман, id: 723253749
/wtf

30.06.2020 11:37:33. Запрос от Роман, id: 723253749
/3h

30.06.2020 12:11:20. Запрос от Роман, id: 723253749
/add_id_467139112

30.06.2020 12:11:32. Запрос от Роман, id: 723253749
/wtf

30.06.2020 12:27:55. Запрос от Роман, id: 723253749
/wtf

30.06.2020 12:46:46. Запрос от Роман, id: 723253749
/3h

30.06.2020 13:06:38. Запрос от Роман, id: 723253749
/3h

30.06.2020 13:15:04. Запрос от ВЛАДИМИР, id: 467139112
/3h

30.06.2020 14:08:11. Запрос от Роман, id: 723253749
/3h

30.06.2020 14:12:40. Запрос от Роман, id: 899449257
/3h

30.06.2020 14:14:37. Запрос от Роман, id: 723253749
/3h

30.06.2020 14:27:37. Запрос от Роман, id: 899449257
/0,5h

30.06.2020 14:28:35. Запрос от Роман, id: 723253749
/0.5h

30.06.2020 14:28:58. Запрос от Роман, id: 723253749
/1h

30.06.2020 14:44:40. Запрос от Роман, id: 723253749
/3h

30.06.2020 15:10:48. Запрос от Роман, id: 723253749
/12h

30.06.2020 15:35:18. Запрос от Роман, id: 723253749
/3h

30.06.2020 15:58:22. Запрос от Роман, id: 723253749
/3h

30.06.2020 16:39:37. Запрос от Роман, id: 723253749
/wtf

30.06.2020 16:46:09. Запрос от Роман, id: 723253749
/wtf

30.06.2020 17:27:09. Запрос от Роман, id: 723253749
/wtf

30.06.2020 17:31:54. Запрос от Роман, id: 723253749
/wtf

30.06.2020 17:33:53. Запрос от Роман, id: 723253749
/wtf

30.06.2020 17:34:17. Запрос от Роман, id: 723253749
/1h

30.06.2020 17:35:12. Запрос от Роман, id: 723253749
/1h

30.06.2020 17:35:27. Запрос от Роман, id: 723253749
/3h

30.06.2020 17:35:53. Запрос от Alexey, id: 1131335208
/wtf

30.06.2020 17:36:41. Запрос от Роман, id: 723253749
/wtf

30.06.2020 17:50:24. Запрос от Роман, id: 723253749
/wtf

30.06.2020 18:14:34. Запрос от Роман, id: 723253749
/24h

30.06.2020 18:50:55. Запрос от Роман, id: 723253749
/3h

30.06.2020 19:49:40. Запрос от Роман, id: 723253749
/3h

30.06.2020 19:51:18. Запрос от Роман, id: 723253749
Приехал завод?

30.06.2020 20:31:35. Запрос от Роман, id: 723253749
/3h

30.06.2020 21:41:30. Запрос от Роман, id: 723253749
/3h

30.06.2020 21:41:47. Запрос от Роман, id: 723253749
/24h

