Первый логГПГУ 2  остановлена 21.06.2020 17:26:59
ГПГУ 1  включена в работу 21.06.2020 19:49:03
ГПГУ 4  остановлена 21.06.2020 19:52:39
ГПГУ 2  включена в работу 21.06.2020 20:33:09
ГПГУ 4  включена в работу 21.06.2020 20:57:50
ГПГУ 4  остановлена 21.06.2020 20:58:02
ГПГУ 4  включена в работу 21.06.2020 20:58:15
ГПГУ 2  остановлена 21.06.2020 21:01:07
ГПГУ 1  остановлена 21.06.2020 21:03:03
МСВ разомкнут, работаем в острове. 21.06.2020 22:21:39
МСВ замкнут, работаем в нормальном режиме. 21.06.2020 22:23:01
ГПГУ 1  включена в работу 22.06.2020 01:36:46
ГПГУ 4  остановлена 22.06.2020 01:41:07
ГПГУ 1  остановлена 22.06.2020 08:21:52
ГПГУ 2  включена в работу 22.06.2020 10:22:01
/3h
723253749
/3h
723253749
3
723253749
/3h
723253749
/12h
723253749
/3d
723253749
/get_csv
723253749
/3h
723253749
/wtf
723253749
/1h
723253749
/0.5h
723253749
/1h
723253749
/1h
723253749
/3h
723253749
/3h
723253749
/12h
723253749
/7d
723253749
/wtf
723253749
/wtf
HTTPSConnectionPool(host='api.telegram.org', port=443): Max retries exceeded with url: /bot1298999210:AAHQXHgqW0y0A9kjCPB3XSeBZKDNrgmK9fY/getUpdates (Caused by NewConnectionError('<urllib3.connection.HTTPSConnection object at 0x01269C10>: Failed to establish a new connection: [WinError 10060] Попытка установить соединение была безуспешной, т.к. от другого компьютера за требуемое время не получен нужный отклик, или было разорвано уже установленное соединение из-за неверного отклика уже подключенного компьютера'))
ГПГУ 1  включена в работу 22.06.2020 16:51:32
ГПГУ 5  остановлена 22.06.2020 16:53:43
467139112
/3h
467139112
/get_data_in_12_hours
467139112
/wtf
467139112
/12h
723253749
/12h
467139112
/wtf
723253749
/wtf
723253749
/wtf
723253749
/12h
МСВ разомкнут, работаем в острове. 22.06.2020 19:13:51
723253749
/1h
('Connection aborted.', TimeoutError(10060, 'Попытка установить соединение была безуспешной, т.к. от другого компьютера за требуемое время не получен нужный отклик, или было разорвано уже установленное соединение из-за неверного отклика уже подключенного компьютера', None, 10060, None))
ГПГУ 1  остановлена 22.06.2020 19:15:38
723253749
/wtf
723253749
/wtf
723253749
/1h
МСВ замкнут, работаем в нормальном режиме. 22.06.2020 19:18:26
723253749
/1h
1036253569
/wtf
723253749
/1h
723253749
/1h
cannot convert float NaN to integer
723253749
/1h
cannot convert float NaN to integer
723253749
/wtf
723253749
/1h
467139112
/wtf
467139112
/get_csv
467139112
/3h
723253749
/3h
ГПГУ 2  включена в работу 22.06.2020 21:40:50
723253749
/3h
723253749
/wtf
ГПГУ 2  остановлена 22.06.2020 22:30:57
723253749
/wtf
ГПГУ 2  включена в работу 22.06.2020 22:50:21
723253749
/wtf
723253749
/12h
723253749
/3d
723253749
/wtf
1036253569
/wtf
ГПГУ 2  остановлена 23.06.2020 07:53:42
723253749
/3d
723253749
/wtf
723253749
/12h
723253749
/12h
723253749
/wtf
723253749
/12h
МСВ разомкнут, работаем в острове. 23.06.2020 13:57:06
МСВ замкнут, работаем в нормальном режиме. 23.06.2020 13:57:41
МСВ разомкнут, работаем в острове. 23.06.2020 15:37:14
МСВ замкнут, работаем в нормальном режиме. 23.06.2020 15:37:49
723253749
/wtf
Неудачная отправка сообщения
ГПГУ 1  остановлена 23.06.2020 19:49:13
ГПГУ 1  включена в работу 23.06.2020 20:25:33
723253749
/wtf
723253749
/3h
467139112
/wtf
Неудачная отправка сообщения
ГПГУ 1  остановлена 24.06.2020 04:43:54
ГПГУ 2  остановлена 24.06.2020 04:44:16
МСВ разомкнут, работаем в острове. 24.06.2020 04:44:19
МСВ замкнут, работаем в нормальном режиме. 24.06.2020 04:48:00
Неудачная отправка сообщения
ГПГУ 1  включена в работу 24.06.2020 04:51:27
723253749
/12h
723253749
/wtf
МСВ разомкнут, работаем в острове. 24.06.2020 12:05:58
МСВ замкнут, работаем в нормальном режиме. 24.06.2020 12:06:44
723253749
/wtf
723253749
/12h
МСВ разомкнут, работаем в острове. 24.06.2020 14:56:33
МСВ замкнут, работаем в нормальном режиме. 24.06.2020 14:57:08
ГПГУ 3  включена в работу 24.06.2020 15:58:30
723253749
/12h
723253749
/wtf
ГПГУ 2  остановлена 24.06.2020 15:59:57
Неудачная отправка сообщения
ГПГУ 1  остановлена 24.06.2020 16:06:20
ГПГУ 3  остановлена 24.06.2020 19:51:16
723253749
/wtf
ГПГУ 3  включена в работу 24.06.2020 20:26:02
ГПГУ 3  остановлена 24.06.2020 20:26:14
ГПГУ 3  включена в работу 24.06.2020 20:26:27
Неудачная отправка сообщения
ГПГУ 1  остановлена 24.06.2020 20:31:31
723253749
/wtf
521114627
/wtf
723253749
/12h
723253749
/24h
723253749
/3d
723253749
/7d
1036253569
/wtf
723253749
/wtf
723253749
/12h
723253749
/wtf
723253749
/7d
МСВ разомкнут, работаем в острове. 25.06.2020 06:10:32
МСВ замкнут, работаем в нормальном режиме. 25.06.2020 06:11:52
МСВ разомкнут, работаем в острове. 25.06.2020 10:34:23
МСВ замкнут, работаем в нормальном режиме. 25.06.2020 10:34:58
ГПГУ 3  остановлена 25.06.2020 12:23:11
ГПГУ 3  включена в работу 25.06.2020 13:21:01
ГПГУ 3  остановлена 25.06.2020 13:21:14
ГПГУ 3  включена в работу 25.06.2020 13:21:26
ГПГУ 3  остановлена 25.06.2020 14:39:30
723253749
/wtf
ГПГУ 2  включена в работу 25.06.2020 19:27:25
723253749
/12h
723253749
/12h
ГПГУ 2  остановлена 25.06.2020 20:08:41
723253749
/wtf
Неудачная отправка сообщения
ГПГУ 1  остановлена 26.06.2020 03:45:14
723253749
/wtf
723253749
/7d
ГПГУ 4  включена в работу 26.06.2020 09:17:25
723253749
/3h
723253749
/3h
723253749
/wtf
723253749
/3h
723253749
/7d
723253749
/3h
723253749
/2d
723253749
/14d
1036253569
/wtf
МСВ замкнут, работаем в нормальном режиме. 26.06.2020 11:26:20
723253749
/3h
723253749
/3h
cannot convert float NaN to integer
723253749
/2h
723253749
/12h
Неудачная отправка сообщения
ГПГУ 1  включена в работу 26.06.2020 13:37:49
Неудачная отправка сообщения
ГПГУ 1  остановлена 26.06.2020 14:12:57
Неудачная отправка сообщения
ГПГУ 1  включена в работу 26.06.2020 16:18:31
723253749
/12h
МСВ разомкнут, работаем в острове. 26.06.2020 16:35:38
МСВ замкнут, работаем в нормальном режиме. 26.06.2020 16:36:59
ГПГУ 3  включена в работу 26.06.2020 17:53:12
723253749
/3h
ГПГУ 1  остановлена 26.06.2020 17:59:56
ГПГУ 3  остановлена 26.06.2020 19:08:37
723253749
/3h
723253749
/3h
ГПГУ 3  включена в работу 26.06.2020 21:46:31
Неудачная отправка сообщения
ГПГУ 1  остановлена 26.06.2020 21:49:21
ГПГУ 3  остановлена 26.06.2020 21:53:15
Неудачная отправка сообщения
ГПГУ 1  включена в работу 26.06.2020 21:54:46
ГПГУ 3  включена в работу 26.06.2020 22:06:44
ГПГУ 3  остановлена 26.06.2020 22:06:56
ГПГУ 3  включена в работу 26.06.2020 22:07:19
Неудачная отправка сообщения
ГПГУ 1  остановлена 26.06.2020 22:09:35
723253749
/3h
ГПГУ 3  остановлена 26.06.2020 23:24:04
1036253569
/wtf
723253749
/3h
ГПГУ 3  включена в работу 27.06.2020 02:46:56
ГПГУ 3  остановлена 27.06.2020 02:47:09
ГПГУ 3  включена в работу 27.06.2020 02:47:21
Неудачная отправка сообщения
ГПГУ 1  остановлена 27.06.2020 02:52:03
Неудачная отправка сообщения
ГПГУ 1  включена в работу 27.06.2020 04:03:52
ГПГУ 5  включена в работу 27.06.2020 04:45:40
Неудачная отправка сообщения
ГПГУ 1  остановлена 27.06.2020 04:53:00
ГПГУ 1  включена в работу 27.06.2020 05:07:12
ГПГУ 4  включена в работу 27.06.2020 05:10:47
ГПГУ 2  включена в работу 27.06.2020 05:24:28
ГПГУ 2  остановлена 27.06.2020 05:31:15
Неудачная отправка сообщения
ГПГУ 1  остановлена 27.06.2020 05:32:24
ГПГУ 3  остановлена 27.06.2020 06:01:03
723253749
/12h
723253749
/wtf
Неудачная отправка сообщения
ГПГУ 1  включена в работу 27.06.2020 06:03:58
723253749
/3h
723253749
/wtf
723253749
/3h
723253749
/wtf
723253749
/wtf
723253749
/3h
ГПГУ 3  включена в работу 27.06.2020 10:08:37
ГПГУ 3  остановлена 27.06.2020 10:08:50
ГПГУ 3  включена в работу 27.06.2020 10:09:02
ГПГУ 3  остановлена 27.06.2020 10:09:15
ГПГУ 2  остановлена 27.06.2020 10:11:19
ГПГУ 5  включена в работу 27.06.2020 10:58:45
1036253569
/wtf
723253749
/12h
467139112
/wtf
723253749
/wtf
ГПГУ 5  остановлена 27.06.2020 12:52:37
[WinError 10060] Попытка установить соединение была безуспешной, т.к. от другого компьютера за требуемое время не получен нужный отклик, или было разорвано уже установленное соединение из-за неверного отклика уже подключенного компьютера
[WinError 10060] Попытка установить соединение была безуспешной, т.к. от другого компьютера за требуемое время не получен нужный отклик, или было разорвано уже установленное соединение из-за неверного отклика уже подключенного компьютера
ГПГУ 2  остановлена 27.06.2020 13:00:29
ГПГУ 4  остановлена 27.06.2020 13:02:35
723253749
/3h
Неудачная отправка сообщения
ГПГУ 1  остановлена 27.06.2020 13:05:54
ГПГУ 2  включена в работу 27.06.2020 14:32:42
723253749
/12h
ГПГУ 4  включена в работу 27.06.2020 14:54:34
723253749
/3h
ГПГУ 5  включена в работу 27.06.2020 15:16:13
723253749
/3h
ГПГУ 5  остановлена 27.06.2020 15:22:33
723253749
/3h
ГПГУ 5  включена в работу 27.06.2020 15:48:07
723253749
/3h
723253749
/12h
723253749
/3h
723253749
/wtf
723253749
/1h
723253749
/1h
723253749
/12h
723253749
/wtf
МСВ разомкнут, работаем в острове. 27.06.2020 19:58:29
МСВ замкнут, работаем в нормальном режиме. 27.06.2020 19:59:49
МСВ разомкнут, работаем в острове. 27.06.2020 20:07:09
МСВ замкнут, работаем в нормальном режиме. 27.06.2020 20:07:55
723253749
/3h
723253749
/3h
1036253569
/wtf
723253749
/wtf
723253749
/3h
723253749
/12h
723253749
/wtf
723253749
/get_syslog
723253749
/get_msglog
1036253569
/wtf
723253749
/wtf
1036253569
/wtf
723253749
/12h
723253749
/24h
723253749
/12h
723253749
/3h
723253749
/3h
723253749
/3h
723253749
/24h
723253749
/24h
723253749
/12h
723253749
/3h
723253749
/12h
723253749
/2d
723253749
/12h
723253749
/3d
723253749
/get_syslog
723253749
/24h
ГПГУ 4  остановлена 29.06.2020 09:51:52
ГПГУ 4  включена в работу 29.06.2020 10:06:20
Неудачная отправка сообщения
ГПГУ 1  остановлена 29.06.2020 10:25:21
Неудачная отправка сообщения
ГПГУ 1  включена в работу 29.06.2020 10:38:51
723253749
/get_csv


Неудачное сохранение суточного отчёта в файл DOC_report24.csv


name 'data_dict' is not defined
723253749
/get_report
723253749
/add_id_12345678
723253749
/add_id_0987654321
723253749
/del_me
723253749
/del_me
723253749
/add_id_723253749
723253749
/del_me
723253749
/add_id_723253749
723253749
/add_id_723253749
723253749
/add_id_723253749
723253749
/del_me
723253749
/del_me
723253749
/add_id_1036253569
723253749
/add_id_723253749
723253749
/12h
723253749
/12h
723253749
/24h
723253749
/wtf
723253749
/3h
723253749
/3h
723253749
/get_syslog
723253749
/get_report
723253749
/3h
899449257
/start
899449257
/wtf
899449257
/get_csv
723253749
/add_id_899449257
899449257
/3h
723253749
/12h
723253749
/get_report
1036253569
/wtf
723253749
/3h
723253749
/wtf
723253749
/3h
723253749
/wtf
Неудачная отправка сообщения
ГПГУ 1  остановлена 29.06.2020 22:49:47
Неудачная отправка сообщения
ГПГУ 1  включена в работу 29.06.2020 22:54:11
723253749
/3h
467139112
/wtf
723253749
/12h
1036253569
/wtf
723253749
/wtf
723253749
/3d
Неудачная отправка сообщения
ГПГУ 1  остановлена 30.06.2020 09:16:03
Неудачная отправка сообщения
ГПГУ 1  включена в работу 30.06.2020 09:32:54
ГПГУ 2  остановлена 30.06.2020 09:39:20
ГПГУ 2  включена в работу 30.06.2020 09:56:14
1131335208
/start
723253749
/add_id_1131335208
1131335208
/wtf
723253749
/wtf
ГПГУ 3  остановлена 30.06.2020 10:07:33
1131335208
/3h
723253749
/3h
1131335208
/30d
1131335208
/wtf
723253749
/wtf
723253749
/3h
ГПГУ 3  включена в работу 30.06.2020 10:25:45
[WinError 10060] Попытка установить соединение была безуспешной, т.к. от другого компьютера за требуемое время не получен нужный отклик, или было разорвано уже установленное соединение из-за неверного отклика уже подключенного компьютера
[WinError 10060] Попытка установить соединение была безуспешной, т.к. от другого компьютера за требуемое время не получен нужный отклик, или было разорвано уже установленное соединение из-за неверного отклика уже подключенного компьютера
ГПГУ 4  остановлена 30.06.2020 10:35:15
723253749
/3h
723253749
/3h
723253749
/wtf
723253749
/30d
ГПГУ 5  остановлена 30.06.2020 11:07:40
723253749
/3h
723253749
/wtf
1036253569
/wtf
521114627
/wtf
723253749
/wtf
723253749
/3h
ГПГУ 4  включена в работу 30.06.2020 11:38:22
ГПГУ 5  включена в работу 30.06.2020 11:48:17
723253749
/add_id_467139112
723253749
/wtf
723253749
/wtf
723253749
/3h
723253749
/3h
467139112
/3h
ГПГУ 4  остановлена 30.06.2020 14:06:14
723253749
/3h
ГПГУ 5  остановлена 30.06.2020 14:11:18
899449257
/3h
723253749
/3h
899449257
/0,5h
723253749
/0.5h
723253749
/1h
723253749
/3h
723253749
/12h
ГПГУ 4  включена в работу 30.06.2020 15:33:19
ГПГУ 5  включена в работу 30.06.2020 15:34:29
723253749
/3h
Неудачная отправка сообщения
ГПГУ 1  остановлена 30.06.2020 15:42:58
ГПГУ 2  остановлена 30.06.2020 15:43:19
ГПГУ 3  остановлена 30.06.2020 15:43:24
ГПГУ 4  остановлена 30.06.2020 15:43:27
ГПГУ 5  остановлена 30.06.2020 15:43:30
МСВ разомкнут, работаем в острове. 30.06.2020 15:43:36
723253749
/3h
ГПГУ 1  остановлена 30.06.2020 16:03:38
723253749
/wtf
ГПГУ 2  включена в работу 30.06.2020 16:42:52
723253749
/wtf
723253749
/wtf
723253749
/wtf
723253749
/wtf
723253749
/1h
cannot convert float NaN to integer
ГПГУ 5  остановлена 30.06.2020 17:34:35
723253749
/1h
cannot convert float NaN to integer
723253749
/3h
1131335208
/wtf
723253749
/wtf
ГПГУ 5  включена в работу 30.06.2020 17:41:14
723253749
/wtf
723253749
/24h
723253749
/3h
ГПГУ 4  остановлена 30.06.2020 19:49:25
723253749
/3h
ГПГУ 5  остановлена 30.06.2020 19:50:29
723253749
Приехал завод?
723253749
/3h
723253749
/3h
cannot convert float NaN to integer
723253749
/24h
